13:22:44 **** Incremental Build of configuration Nios II for project lab5 ****
make all 
Info: Building ../lab5_bsp/
G:/intelFPGA_lite/16.1/nios2eds/bin/gnu/H-x86_64-mingw32/bin/make --no-print-directory -C ../lab5_bsp/
Compiling alt_alarm_start.c...
nios2-elf-gcc -xc -MP -MMD -c  -I./UCOSII/inc -I./HAL/inc -I. -I./drivers/inc -pipe -D__hal__ -DALT_NO_INSTRUCTION_EMULATION -D__ucosii__    -O1 -g -Wall  -mno-hw-div -mhw-mul -mno-hw-mulx -mgpopt=global   -o obj/HAL/src/alt_alarm_start.o HAL/src/alt_alarm_start.c
Compiling alt_busy_sleep.c...
nios2-elf-gcc -xc -MP -MMD -c  -I./UCOSII/inc -I./HAL/inc -I. -I./drivers/inc -pipe -D__hal__ -DALT_NO_INSTRUCTION_EMULATION -D__ucosii__    -O1 -g -Wall  -mno-hw-div -mhw-mul -mno-hw-mulx -mgpopt=global   -o obj/HAL/src/alt_busy_sleep.o HAL/src/alt_busy_sleep.c
Compiling alt_close.c...
nios2-elf-gcc -xc -MP -MMD -c  -I./UCOSII/inc -I./HAL/inc -I. -I./drivers/inc -pipe -D__hal__ -DALT_NO_INSTRUCTION_EMULATION -D__ucosii__    -O1 -g -Wall  -mno-hw-div -mhw-mul -mno-hw-mulx -mgpopt=global   -o obj/HAL/src/alt_close.o HAL/src/alt_close.c
Compiling alt_dcache_flush.c...
nios2-elf-gcc -xc -MP -MMD -c  -I./UCOSII/inc -I./HAL/inc -I. -I./drivers/inc -pipe -D__hal__ -DALT_NO_INSTRUCTION_EMULATION -D__ucosii__    -O1 -g -Wall  -mno-hw-div -mhw-mul -mno-hw-mulx -mgpopt=global   -o obj/HAL/src/alt_dcache_flush.o HAL/src/alt_dcache_flush.c
Compiling alt_dcache_flush_all.c...
nios2-elf-gcc -xc -MP -MMD -c  -I./UCOSII/inc -I./HAL/inc -I. -I./drivers/inc -pipe -D__hal__ -DALT_NO_INSTRUCTION_EMULATION -D__ucosii__    -O1 -g -Wall  -mno-hw-div -mhw-mul -mno-hw-mulx -mgpopt=global   -o obj/HAL/src/alt_dcache_flush_all.o HAL/src/alt_dcache_flush_all.c
Compiling alt_dcache_flush_no_writeback.c...
nios2-elf-gcc -xc -MP -MMD -c  -I./UCOSII/inc -I./HAL/inc -I. -I./drivers/inc -pipe -D__hal__ -DALT_NO_INSTRUCTION_EMULATION -D__ucosii__    -O1 -g -Wall  -mno-hw-div -mhw-mul -mno-hw-mulx -mgpopt=global   -o obj/HAL/src/alt_dcache_flush_no_writeback.o HAL/src/alt_dcache_flush_no_writeback.c
Compiling alt_dev.c...
nios2-elf-gcc -xc -MP -MMD -c  -I./UCOSII/inc -I./HAL/inc -I. -I./drivers/inc -pipe -D__hal__ -DALT_NO_INSTRUCTION_EMULATION -D__ucosii__    -O1 -g -Wall  -mno-hw-div -mhw-mul -mno-hw-mulx -mgpopt=global   -o obj/HAL/src/alt_dev.o HAL/src/alt_dev.c
Compiling alt_dma_rxchan_open.c...
nios2-elf-gcc -xc -MP -MMD -c  -I./UCOSII/inc -I./HAL/inc -I. -I./drivers/inc -pipe -D__hal__ -DALT_NO_INSTRUCTION_EMULATION -D__ucosii__    -O1 -g -Wall  -mno-hw-div -mhw-mul -mno-hw-mulx -mgpopt=global   -o obj/HAL/src/alt_dma_rxchan_open.o HAL/src/alt_dma_rxchan_open.c
Compiling alt_dma_txchan_open.c...
nios2-elf-gcc -xc -MP -MMD -c  -I./UCOSII/inc -I./HAL/inc -I. -I./drivers/inc -pipe -D__hal__ -DALT_NO_INSTRUCTION_EMULATION -D__ucosii__    -O1 -g -Wall  -mno-hw-div -mhw-mul -mno-hw-mulx -mgpopt=global   -o obj/HAL/src/alt_dma_txchan_open.o HAL/src/alt_dma_txchan_open.c
Compiling alt_ecc_fatal_exception.c...
nios2-elf-gcc -xc -MP -MMD -c  -I./UCOSII/inc -I./HAL/inc -I. -I./drivers/inc -pipe -D__hal__ -DALT_NO_INSTRUCTION_EMULATION -D__ucosii__    -O1 -g -Wall  -mno-hw-div -mhw-mul -mno-hw-mulx -mgpopt=global   -o obj/HAL/src/alt_ecc_fatal_exception.o HAL/src/alt_ecc_fatal_exception.c
Compiling alt_exception_entry.S...
nios2-elf-gcc -MP -MMD -c   -O1 -g -Wall  -mno-hw-div -mhw-mul -mno-hw-mulx -mgpopt=global    -I./UCOSII/inc -I./HAL/inc -I. -I./drivers/inc -pipe -D__hal__ -DALT_NO_INSTRUCTION_EMULATION -D__ucosii__  -Wa,-gdwarf2  -o obj/HAL/src/alt_exception_entry.o HAL/src/alt_exception_entry.S
Compiling alt_exit.c...
nios2-elf-gcc -xc -MP -MMD -c  -I./UCOSII/inc -I./HAL/inc -I. -I./drivers/inc -pipe -D__hal__ -DALT_NO_INSTRUCTION_EMULATION -D__ucosii__    -O1 -g -Wall  -mno-hw-div -mhw-mul -mno-hw-mulx -mgpopt=global   -o obj/HAL/src/alt_exit.o HAL/src/alt_exit.c
Compiling alt_fcntl.c...
nios2-elf-gcc -xc -MP -MMD -c  -I./UCOSII/inc -I./HAL/inc -I. -I./drivers/inc -pipe -D__hal__ -DALT_NO_INSTRUCTION_EMULATION -D__ucosii__    -O1 -g -Wall  -mno-hw-div -mhw-mul -mno-hw-mulx -mgpopt=global   -o obj/HAL/src/alt_fcntl.o HAL/src/alt_fcntl.c
Compiling alt_fd_lock.c...
nios2-elf-gcc -xc -MP -MMD -c  -I./UCOSII/inc -I./HAL/inc -I. -I./drivers/inc -pipe -D__hal__ -DALT_NO_INSTRUCTION_EMULATION -D__ucosii__    -O1 -g -Wall  -mno-hw-div -mhw-mul -mno-hw-mulx -mgpopt=global   -o obj/HAL/src/alt_fd_lock.o HAL/src/alt_fd_lock.c
Compiling alt_fd_unlock.c...
nios2-elf-gcc -xc -MP -MMD -c  -I./UCOSII/inc -I./HAL/inc -I. -I./drivers/inc -pipe -D__hal__ -DALT_NO_INSTRUCTION_EMULATION -D__ucosii__    -O1 -g -Wall  -mno-hw-div -mhw-mul -mno-hw-mulx -mgpopt=global   -o obj/HAL/src/alt_fd_unlock.o HAL/src/alt_fd_unlock.c
Compiling alt_find_dev.c...
nios2-elf-gcc -xc -MP -MMD -c  -I./UCOSII/inc -I./HAL/inc -I. -I./drivers/inc -pipe -D__hal__ -DALT_NO_INSTRUCTION_EMULATION -D__ucosii__    -O1 -g -Wall  -mno-hw-div -mhw-mul -mno-hw-mulx -mgpopt=global   -o obj/HAL/src/alt_find_dev.o HAL/src/alt_find_dev.c
Compiling alt_find_file.c...
nios2-elf-gcc -xc -MP -MMD -c  -I./UCOSII/inc -I./HAL/inc -I. -I./drivers/inc -pipe -D__hal__ -DALT_NO_INSTRUCTION_EMULATION -D__ucosii__    -O1 -g -Wall  -mno-hw-div -mhw-mul -mno-hw-mulx -mgpopt=global   -o obj/HAL/src/alt_find_file.o HAL/src/alt_find_file.c
Compiling alt_flash_dev.c...
nios2-elf-gcc -xc -MP -MMD -c  -I./UCOSII/inc -I./HAL/inc -I. -I./drivers/inc -pipe -D__hal__ -DALT_NO_INSTRUCTION_EMULATION -D__ucosii__    -O1 -g -Wall  -mno-hw-div -mhw-mul -mno-hw-mulx -mgpopt=global   -o obj/HAL/src/alt_flash_dev.o HAL/src/alt_flash_dev.c
Compiling alt_fs_reg.c...
nios2-elf-gcc -xc -MP -MMD -c  -I./UCOSII/inc -I./HAL/inc -I. -I./drivers/inc -pipe -D__hal__ -DALT_NO_INSTRUCTION_EMULATION -D__ucosii__    -O1 -g -Wall  -mno-hw-div -mhw-mul -mno-hw-mulx -mgpopt=global   -o obj/HAL/src/alt_fs_reg.o HAL/src/alt_fs_reg.c
Compiling alt_fstat.c...
nios2-elf-gcc -xc -MP -MMD -c  -I./UCOSII/inc -I./HAL/inc -I. -I./drivers/inc -pipe -D__hal__ -DALT_NO_INSTRUCTION_EMULATION -D__ucosii__    -O1 -g -Wall  -mno-hw-div -mhw-mul -mno-hw-mulx -mgpopt=global   -o obj/HAL/src/alt_fstat.o HAL/src/alt_fstat.c
Compiling alt_get_fd.c...
nios2-elf-gcc -xc -MP -MMD -c  -I./UCOSII/inc -I./HAL/inc -I. -I./drivers/inc -pipe -D__hal__ -DALT_NO_INSTRUCTION_EMULATION -D__ucosii__    -O1 -g -Wall  -mno-hw-div -mhw-mul -mno-hw-mulx -mgpopt=global   -o obj/HAL/src/alt_get_fd.o HAL/src/alt_get_fd.c
Compiling alt_gmon.c...
nios2-elf-gcc -xc -MP -MMD -c  -I./UCOSII/inc -I./HAL/inc -I. -I./drivers/inc -pipe -D__hal__ -DALT_NO_INSTRUCTION_EMULATION -D__ucosii__    -O1 -g -Wall  -mno-hw-div -mhw-mul -mno-hw-mulx -mgpopt=global   -o obj/HAL/src/alt_gmon.o HAL/src/alt_gmon.c
Compiling alt_icache_flush.c...
nios2-elf-gcc -xc -MP -MMD -c  -I./UCOSII/inc -I./HAL/inc -I. -I./drivers/inc -pipe -D__hal__ -DALT_NO_INSTRUCTION_EMULATION -D__ucosii__    -O1 -g -Wall  -mno-hw-div -mhw-mul -mno-hw-mulx -mgpopt=global   -o obj/HAL/src/alt_icache_flush.o HAL/src/alt_icache_flush.c
Compiling alt_icache_flush_all.c...
nios2-elf-gcc -xc -MP -MMD -c  -I./UCOSII/inc -I./HAL/inc -I. -I./drivers/inc -pipe -D__hal__ -DALT_NO_INSTRUCTION_EMULATION -D__ucosii__    -O1 -g -Wall  -mno-hw-div -mhw-mul -mno-hw-mulx -mgpopt=global   -o obj/HAL/src/alt_icache_flush_all.o HAL/src/alt_icache_flush_all.c
Compiling alt_iic.c...
nios2-elf-gcc -xc -MP -MMD -c  -I./UCOSII/inc -I./HAL/inc -I. -I./drivers/inc -pipe -D__hal__ -DALT_NO_INSTRUCTION_EMULATION -D__ucosii__    -O1 -g -Wall  -mno-hw-div -mhw-mul -mno-hw-mulx -mgpopt=global   -o obj/HAL/src/alt_iic.o HAL/src/alt_iic.c
Compiling alt_iic_isr_register.c...
nios2-elf-gcc -xc -MP -MMD -c  -I./UCOSII/inc -I./HAL/inc -I. -I./drivers/inc -pipe -D__hal__ -DALT_NO_INSTRUCTION_EMULATION -D__ucosii__    -O1 -g -Wall  -mno-hw-div -mhw-mul -mno-hw-mulx -mgpopt=global   -o obj/HAL/src/alt_iic_isr_register.o HAL/src/alt_iic_isr_register.c
Compiling alt_instruction_exception_entry.c...
nios2-elf-gcc -xc -MP -MMD -c  -I./UCOSII/inc -I./HAL/inc -I. -I./drivers/inc -pipe -D__hal__ -DALT_NO_INSTRUCTION_EMULATION -D__ucosii__    -O1 -g -Wall  -mno-hw-div -mhw-mul -mno-hw-mulx -mgpopt=global   -o obj/HAL/src/alt_instruction_exception_entry.o HAL/src/alt_instruction_exception_entry.c
Compiling alt_instruction_exception_register.c...
nios2-elf-gcc -xc -MP -MMD -c  -I./UCOSII/inc -I./HAL/inc -I. -I./drivers/inc -pipe -D__hal__ -DALT_NO_INSTRUCTION_EMULATION -D__ucosii__    -O1 -g -Wall  -mno-hw-div -mhw-mul -mno-hw-mulx -mgpopt=global   -o obj/HAL/src/alt_instruction_exception_register.o HAL/src/alt_instruction_exception_register.c
Compiling alt_io_redirect.c...
nios2-elf-gcc -xc -MP -MMD -c  -I./UCOSII/inc -I./HAL/inc -I. -I./drivers/inc -pipe -D__hal__ -DALT_NO_INSTRUCTION_EMULATION -D__ucosii__    -O1 -g -Wall  -mno-hw-div -mhw-mul -mno-hw-mulx -mgpopt=global   -o obj/HAL/src/alt_io_redirect.o HAL/src/alt_io_redirect.c
Compiling alt_ioctl.c...
nios2-elf-gcc -xc -MP -MMD -c  -I./UCOSII/inc -I./HAL/inc -I. -I./drivers/inc -pipe -D__hal__ -DALT_NO_INSTRUCTION_EMULATION -D__ucosii__    -O1 -g -Wall  -mno-hw-div -mhw-mul -mno-hw-mulx -mgpopt=global   -o obj/HAL/src/alt_ioctl.o HAL/src/alt_ioctl.c
Compiling alt_irq_entry.S...
nios2-elf-gcc -MP -MMD -c   -O1 -g -Wall  -mno-hw-div -mhw-mul -mno-hw-mulx -mgpopt=global    -I./UCOSII/inc -I./HAL/inc -I. -I./drivers/inc -pipe -D__hal__ -DALT_NO_INSTRUCTION_EMULATION -D__ucosii__  -Wa,-gdwarf2  -o obj/HAL/src/alt_irq_entry.o HAL/src/alt_irq_entry.S
Compiling alt_irq_handler.c...
nios2-elf-gcc -xc -MP -MMD -c  -I./UCOSII/inc -I./HAL/inc -I. -I./drivers/inc -pipe -D__hal__ -DALT_NO_INSTRUCTION_EMULATION -D__ucosii__    -O1 -g -Wall  -mno-hw-div -mhw-mul -mno-hw-mulx -mgpopt=global   -o obj/HAL/src/alt_irq_handler.o HAL/src/alt_irq_handler.c
Compiling alt_irq_register.c...
nios2-elf-gcc -xc -MP -MMD -c  -I./UCOSII/inc -I./HAL/inc -I. -I./drivers/inc -pipe -D__hal__ -DALT_NO_INSTRUCTION_EMULATION -D__ucosii__    -O1 -g -Wall  -mno-hw-div -mhw-mul -mno-hw-mulx -mgpopt=global   -o obj/HAL/src/alt_irq_register.o HAL/src/alt_irq_register.c
Compiling alt_irq_vars.c...
nios2-elf-gcc -xc -MP -MMD -c  -I./UCOSII/inc -I./HAL/inc -I. -I./drivers/inc -pipe -D__hal__ -DALT_NO_INSTRUCTION_EMULATION -D__ucosii__    -O1 -g -Wall  -mno-hw-div -mhw-mul -mno-hw-mulx -mgpopt=global   -o obj/HAL/src/alt_irq_vars.o HAL/src/alt_irq_vars.c
Compiling alt_isatty.c...
nios2-elf-gcc -xc -MP -MMD -c  -I./UCOSII/inc -I./HAL/inc -I. -I./drivers/inc -pipe -D__hal__ -DALT_NO_INSTRUCTION_EMULATION -D__ucosii__    -O1 -g -Wall  -mno-hw-div -mhw-mul -mno-hw-mulx -mgpopt=global   -o obj/HAL/src/alt_isatty.o HAL/src/alt_isatty.c
Compiling alt_lseek.c...
nios2-elf-gcc -xc -MP -MMD -c  -I./UCOSII/inc -I./HAL/inc -I. -I./drivers/inc -pipe -D__hal__ -DALT_NO_INSTRUCTION_EMULATION -D__ucosii__    -O1 -g -Wall  -mno-hw-div -mhw-mul -mno-hw-mulx -mgpopt=global   -o obj/HAL/src/alt_lseek.o HAL/src/alt_lseek.c
Compiling alt_main.c...
nios2-elf-gcc -xc -MP -MMD -c  -I./UCOSII/inc -I./HAL/inc -I. -I./drivers/inc -pipe -D__hal__ -DALT_NO_INSTRUCTION_EMULATION -D__ucosii__    -O1 -g -Wall  -mno-hw-div -mhw-mul -mno-hw-mulx -mgpopt=global   -o obj/HAL/src/alt_main.o HAL/src/alt_main.c
Compiling alt_open.c...
nios2-elf-gcc -xc -MP -MMD -c  -I./UCOSII/inc -I./HAL/inc -I. -I./drivers/inc -pipe -D__hal__ -DALT_NO_INSTRUCTION_EMULATION -D__ucosii__    -O1 -g -Wall  -mno-hw-div -mhw-mul -mno-hw-mulx -mgpopt=global   -o obj/HAL/src/alt_open.o HAL/src/alt_open.c
Compiling alt_read.c...
nios2-elf-gcc -xc -MP -MMD -c  -I./UCOSII/inc -I./HAL/inc -I. -I./drivers/inc -pipe -D__hal__ -DALT_NO_INSTRUCTION_EMULATION -D__ucosii__    -O1 -g -Wall  -mno-hw-div -mhw-mul -mno-hw-mulx -mgpopt=global   -o obj/HAL/src/alt_read.o HAL/src/alt_read.c
Compiling alt_release_fd.c...
nios2-elf-gcc -xc -MP -MMD -c  -I./UCOSII/inc -I./HAL/inc -I. -I./drivers/inc -pipe -D__hal__ -DALT_NO_INSTRUCTION_EMULATION -D__ucosii__    -O1 -g -Wall  -mno-hw-div -mhw-mul -mno-hw-mulx -mgpopt=global   -o obj/HAL/src/alt_release_fd.o HAL/src/alt_release_fd.c
Compiling alt_remap_cached.c...
nios2-elf-gcc -xc -MP -MMD -c  -I./UCOSII/inc -I./HAL/inc -I. -I./drivers/inc -pipe -D__hal__ -DALT_NO_INSTRUCTION_EMULATION -D__ucosii__    -O1 -g -Wall  -mno-hw-div -mhw-mul -mno-hw-mulx -mgpopt=global   -o obj/HAL/src/alt_remap_cached.o HAL/src/alt_remap_cached.c
Compiling alt_remap_uncached.c...
nios2-elf-gcc -xc -MP -MMD -c  -I./UCOSII/inc -I./HAL/inc -I. -I./drivers/inc -pipe -D__hal__ -DALT_NO_INSTRUCTION_EMULATION -D__ucosii__    -O1 -g -Wall  -mno-hw-div -mhw-mul -mno-hw-mulx -mgpopt=global   -o obj/HAL/src/alt_remap_uncached.o HAL/src/alt_remap_uncached.c
Compiling alt_sbrk.c...
nios2-elf-gcc -xc -MP -MMD -c  -I./UCOSII/inc -I./HAL/inc -I. -I./drivers/inc -pipe -D__hal__ -DALT_NO_INSTRUCTION_EMULATION -D__ucosii__    -O1 -g -Wall  -mno-hw-div -mhw-mul -mno-hw-mulx -mgpopt=global   -o obj/HAL/src/alt_sbrk.o HAL/src/alt_sbrk.c
Compiling alt_software_exception.S...
nios2-elf-gcc -MP -MMD -c   -O1 -g -Wall  -mno-hw-div -mhw-mul -mno-hw-mulx -mgpopt=global    -I./UCOSII/inc -I./HAL/inc -I. -I./drivers/inc -pipe -D__hal__ -DALT_NO_INSTRUCTION_EMULATION -D__ucosii__  -Wa,-gdwarf2  -o obj/HAL/src/alt_software_exception.o HAL/src/alt_software_exception.S
Compiling alt_tick.c...
nios2-elf-gcc -xc -MP -MMD -c  -I./UCOSII/inc -I./HAL/inc -I. -I./drivers/inc -pipe -D__hal__ -DALT_NO_INSTRUCTION_EMULATION -D__ucosii__    -O1 -g -Wall  -mno-hw-div -mhw-mul -mno-hw-mulx -mgpopt=global   -o obj/HAL/src/alt_tick.o HAL/src/alt_tick.c
Compiling alt_uncached_free.c...
nios2-elf-gcc -xc -MP -MMD -c  -I./UCOSII/inc -I./HAL/inc -I. -I./drivers/inc -pipe -D__hal__ -DALT_NO_INSTRUCTION_EMULATION -D__ucosii__    -O1 -g -Wall  -mno-hw-div -mhw-mul -mno-hw-mulx -mgpopt=global   -o obj/HAL/src/alt_uncached_free.o HAL/src/alt_uncached_free.c
Compiling alt_uncached_malloc.c...
nios2-elf-gcc -xc -MP -MMD -c  -I./UCOSII/inc -I./HAL/inc -I. -I./drivers/inc -pipe -D__hal__ -DALT_NO_INSTRUCTION_EMULATION -D__ucosii__    -O1 -g -Wall  -mno-hw-div -mhw-mul -mno-hw-mulx -mgpopt=global   -o obj/HAL/src/alt_uncached_malloc.o HAL/src/alt_uncached_malloc.c
Compiling alt_usleep.c...
nios2-elf-gcc -xc -MP -MMD -c  -I./UCOSII/inc -I./HAL/inc -I. -I./drivers/inc -pipe -D__hal__ -DALT_NO_INSTRUCTION_EMULATION -D__ucosii__    -O1 -g -Wall  -mno-hw-div -mhw-mul -mno-hw-mulx -mgpopt=global   -o obj/HAL/src/alt_usleep.o HAL/src/alt_usleep.c
Compiling alt_write.c...
nios2-elf-gcc -xc -MP -MMD -c  -I./UCOSII/inc -I./HAL/inc -I. -I./drivers/inc -pipe -D__hal__ -DALT_NO_INSTRUCTION_EMULATION -D__ucosii__    -O1 -g -Wall  -mno-hw-div -mhw-mul -mno-hw-mulx -mgpopt=global   -o obj/HAL/src/alt_write.o HAL/src/alt_write.c
Compiling altera_nios2_qsys_irq.c...
nios2-elf-gcc -xc -MP -MMD -c  -I./UCOSII/inc -I./HAL/inc -I. -I./drivers/inc -pipe -D__hal__ -DALT_NO_INSTRUCTION_EMULATION -D__ucosii__    -O1 -g -Wall  -mno-hw-div -mhw-mul -mno-hw-mulx -mgpopt=global   -o obj/HAL/src/altera_nios2_qsys_irq.o HAL/src/altera_nios2_qsys_irq.c
Compiling crt0.S...
nios2-elf-gcc -MP -MMD -c   -O1 -g -Wall  -mno-hw-div -mhw-mul -mno-hw-mulx -mgpopt=global    -I./UCOSII/inc -I./HAL/inc -I. -I./drivers/inc -pipe -D__hal__ -DALT_NO_INSTRUCTION_EMULATION -D__ucosii__  -Wa,-gdwarf2  -o obj/HAL/src/crt0.o HAL/src/crt0.S
Compiling os_cpu_a.S...
nios2-elf-gcc -MP -MMD -c   -O1 -g -Wall  -mno-hw-div -mhw-mul -mno-hw-mulx -mgpopt=global    -I./UCOSII/inc -I./HAL/inc -I. -I./drivers/inc -pipe -D__hal__ -DALT_NO_INSTRUCTION_EMULATION -D__ucosii__  -Wa,-gdwarf2  -o obj/HAL/src/os_cpu_a.o HAL/src/os_cpu_a.S
Compiling os_cpu_c.c...
nios2-elf-gcc -xc -MP -MMD -c  -I./UCOSII/inc -I./HAL/inc -I. -I./drivers/inc -pipe -D__hal__ -DALT_NO_INSTRUCTION_EMULATION -D__ucosii__    -O1 -g -Wall  -mno-hw-div -mhw-mul -mno-hw-mulx -mgpopt=global   -o obj/HAL/src/os_cpu_c.o HAL/src/os_cpu_c.c
Compiling alt_env_lock.c...
nios2-elf-gcc -xc -MP -MMD -c  -I./UCOSII/inc -I./HAL/inc -I. -I./drivers/inc -pipe -D__hal__ -DALT_NO_INSTRUCTION_EMULATION -D__ucosii__    -O1 -g -Wall  -mno-hw-div -mhw-mul -mno-hw-mulx -mgpopt=global   -o obj/UCOSII/src/alt_env_lock.o UCOSII/src/alt_env_lock.c
Compiling alt_malloc_lock.c...
nios2-elf-gcc -xc -MP -MMD -c  -I./UCOSII/inc -I./HAL/inc -I. -I./drivers/inc -pipe -D__hal__ -DALT_NO_INSTRUCTION_EMULATION -D__ucosii__    -O1 -g -Wall  -mno-hw-div -mhw-mul -mno-hw-mulx -mgpopt=global   -o obj/UCOSII/src/alt_malloc_lock.o UCOSII/src/alt_malloc_lock.c
Compiling os_core.c...
nios2-elf-gcc -xc -MP -MMD -c  -I./UCOSII/inc -I./HAL/inc -I. -I./drivers/inc -pipe -D__hal__ -DALT_NO_INSTRUCTION_EMULATION -D__ucosii__    -O1 -g -Wall  -mno-hw-div -mhw-mul -mno-hw-mulx -mgpopt=global   -o obj/UCOSII/src/os_core.o UCOSII/src/os_core.c
Compiling os_dbg.c...
nios2-elf-gcc -xc -MP -MMD -c  -I./UCOSII/inc -I./HAL/inc -I. -I./drivers/inc -pipe -D__hal__ -DALT_NO_INSTRUCTION_EMULATION -D__ucosii__    -O1 -g -Wall  -mno-hw-div -mhw-mul -mno-hw-mulx -mgpopt=global   -o obj/UCOSII/src/os_dbg.o UCOSII/src/os_dbg.c
Compiling os_flag.c...
nios2-elf-gcc -xc -MP -MMD -c  -I./UCOSII/inc -I./HAL/inc -I. -I./drivers/inc -pipe -D__hal__ -DALT_NO_INSTRUCTION_EMULATION -D__ucosii__    -O1 -g -Wall  -mno-hw-div -mhw-mul -mno-hw-mulx -mgpopt=global   -o obj/UCOSII/src/os_flag.o UCOSII/src/os_flag.c
Compiling os_mbox.c...
nios2-elf-gcc -xc -MP -MMD -c  -I./UCOSII/inc -I./HAL/inc -I. -I./drivers/inc -pipe -D__hal__ -DALT_NO_INSTRUCTION_EMULATION -D__ucosii__    -O1 -g -Wall  -mno-hw-div -mhw-mul -mno-hw-mulx -mgpopt=global   -o obj/UCOSII/src/os_mbox.o UCOSII/src/os_mbox.c
Compiling os_mem.c...
nios2-elf-gcc -xc -MP -MMD -c  -I./UCOSII/inc -I./HAL/inc -I. -I./drivers/inc -pipe -D__hal__ -DALT_NO_INSTRUCTION_EMULATION -D__ucosii__    -O1 -g -Wall  -mno-hw-div -mhw-mul -mno-hw-mulx -mgpopt=global   -o obj/UCOSII/src/os_mem.o UCOSII/src/os_mem.c
Compiling os_mutex.c...
nios2-elf-gcc -xc -MP -MMD -c  -I./UCOSII/inc -I./HAL/inc -I. -I./drivers/inc -pipe -D__hal__ -DALT_NO_INSTRUCTION_EMULATION -D__ucosii__    -O1 -g -Wall  -mno-hw-div -mhw-mul -mno-hw-mulx -mgpopt=global   -o obj/UCOSII/src/os_mutex.o UCOSII/src/os_mutex.c
Compiling os_q.c...
nios2-elf-gcc -xc -MP -MMD -c  -I./UCOSII/inc -I./HAL/inc -I. -I./drivers/inc -pipe -D__hal__ -DALT_NO_INSTRUCTION_EMULATION -D__ucosii__    -O1 -g -Wall  -mno-hw-div -mhw-mul -mno-hw-mulx -mgpopt=global   -o obj/UCOSII/src/os_q.o UCOSII/src/os_q.c
Compiling os_sem.c...
nios2-elf-gcc -xc -MP -MMD -c  -I./UCOSII/inc -I./HAL/inc -I. -I./drivers/inc -pipe -D__hal__ -DALT_NO_INSTRUCTION_EMULATION -D__ucosii__    -O1 -g -Wall  -mno-hw-div -mhw-mul -mno-hw-mulx -mgpopt=global   -o obj/UCOSII/src/os_sem.o UCOSII/src/os_sem.c
Compiling os_task.c...
nios2-elf-gcc -xc -MP -MMD -c  -I./UCOSII/inc -I./HAL/inc -I. -I./drivers/inc -pipe -D__hal__ -DALT_NO_INSTRUCTION_EMULATION -D__ucosii__    -O1 -g -Wall  -mno-hw-div -mhw-mul -mno-hw-mulx -mgpopt=global   -o obj/UCOSII/src/os_task.o UCOSII/src/os_task.c
Compiling os_time.c...
nios2-elf-gcc -xc -MP -MMD -c  -I./UCOSII/inc -I./HAL/inc -I. -I./drivers/inc -pipe -D__hal__ -DALT_NO_INSTRUCTION_EMULATION -D__ucosii__    -O1 -g -Wall  -mno-hw-div -mhw-mul -mno-hw-mulx -mgpopt=global   -o obj/UCOSII/src/os_time.o UCOSII/src/os_time.c
Compiling os_tmr.c...
nios2-elf-gcc -xc -MP -MMD -c  -I./UCOSII/inc -I./HAL/inc -I. -I./drivers/inc -pipe -D__hal__ -DALT_NO_INSTRUCTION_EMULATION -D__ucosii__    -O1 -g -Wall  -mno-hw-div -mhw-mul -mno-hw-mulx -mgpopt=global   -o obj/UCOSII/src/os_tmr.o UCOSII/src/os_tmr.c
Compiling alt_sys_init.c...
nios2-elf-gcc -xc -MP -MMD -c  -I./UCOSII/inc -I./HAL/inc -I. -I./drivers/inc -pipe -D__hal__ -DALT_NO_INSTRUCTION_EMULATION -D__ucosii__    -O1 -g -Wall  -mno-hw-div -mhw-mul -mno-hw-mulx -mgpopt=global   -o obj/alt_sys_init.o alt_sys_init.c
Compiling altera_avalon_jtag_uart_fd.c...
nios2-elf-gcc -xc -MP -MMD -c  -I./UCOSII/inc -I./HAL/inc -I. -I./drivers/inc -pipe -D__hal__ -DALT_NO_INSTRUCTION_EMULATION -D__ucosii__    -O1 -g -Wall  -mno-hw-div -mhw-mul -mno-hw-mulx -mgpopt=global   -o obj/drivers/src/altera_avalon_jtag_uart_fd.o drivers/src/altera_avalon_jtag_uart_fd.c
Compiling altera_avalon_jtag_uart_init.c...
nios2-elf-gcc -xc -MP -MMD -c  -I./UCOSII/inc -I./HAL/inc -I. -I./drivers/inc -pipe -D__hal__ -DALT_NO_INSTRUCTION_EMULATION -D__ucosii__    -O1 -g -Wall  -mno-hw-div -mhw-mul -mno-hw-mulx -mgpopt=global   -o obj/drivers/src/altera_avalon_jtag_uart_init.o drivers/src/altera_avalon_jtag_uart_init.c
Compiling altera_avalon_jtag_uart_ioctl.c...
nios2-elf-gcc -xc -MP -MMD -c  -I./UCOSII/inc -I./HAL/inc -I. -I./drivers/inc -pipe -D__hal__ -DALT_NO_INSTRUCTION_EMULATION -D__ucosii__    -O1 -g -Wall  -mno-hw-div -mhw-mul -mno-hw-mulx -mgpopt=global   -o obj/drivers/src/altera_avalon_jtag_uart_ioctl.o drivers/src/altera_avalon_jtag_uart_ioctl.c
Compiling altera_avalon_jtag_uart_read.c...
nios2-elf-gcc -xc -MP -MMD -c  -I./UCOSII/inc -I./HAL/inc -I. -I./drivers/inc -pipe -D__hal__ -DALT_NO_INSTRUCTION_EMULATION -D__ucosii__    -O1 -g -Wall  -mno-hw-div -mhw-mul -mno-hw-mulx -mgpopt=global   -o obj/drivers/src/altera_avalon_jtag_uart_read.o drivers/src/altera_avalon_jtag_uart_read.c
Compiling altera_avalon_jtag_uart_write.c...
nios2-elf-gcc -xc -MP -MMD -c  -I./UCOSII/inc -I./HAL/inc -I. -I./drivers/inc -pipe -D__hal__ -DALT_NO_INSTRUCTION_EMULATION -D__ucosii__    -O1 -g -Wall  -mno-hw-div -mhw-mul -mno-hw-mulx -mgpopt=global   -o obj/drivers/src/altera_avalon_jtag_uart_write.o drivers/src/altera_avalon_jtag_uart_write.c
Compiling altera_avalon_sysid_qsys.c...
nios2-elf-gcc -xc -MP -MMD -c  -I./UCOSII/inc -I./HAL/inc -I. -I./drivers/inc -pipe -D__hal__ -DALT_NO_INSTRUCTION_EMULATION -D__ucosii__    -O1 -g -Wall  -mno-hw-div -mhw-mul -mno-hw-mulx -mgpopt=global   -o obj/drivers/src/altera_avalon_sysid_qsys.o drivers/src/altera_avalon_sysid_qsys.c
Compiling altera_avalon_timer_sc.c...
nios2-elf-gcc -xc -MP -MMD -c  -I./UCOSII/inc -I./HAL/inc -I. -I./drivers/inc -pipe -D__hal__ -DALT_NO_INSTRUCTION_EMULATION -D__ucosii__    -O1 -g -Wall  -mno-hw-div -mhw-mul -mno-hw-mulx -mgpopt=global   -o obj/drivers/src/altera_avalon_timer_sc.o drivers/src/altera_avalon_timer_sc.c
Compiling altera_avalon_timer_ts.c...
nios2-elf-gcc -xc -MP -MMD -c  -I./UCOSII/inc -I./HAL/inc -I. -I./drivers/inc -pipe -D__hal__ -DALT_NO_INSTRUCTION_EMULATION -D__ucosii__    -O1 -g -Wall  -mno-hw-div -mhw-mul -mno-hw-mulx -mgpopt=global   -o obj/drivers/src/altera_avalon_timer_ts.o drivers/src/altera_avalon_timer_ts.c
Compiling altera_avalon_timer_vars.c...
nios2-elf-gcc -xc -MP -MMD -c  -I./UCOSII/inc -I./HAL/inc -I. -I./drivers/inc -pipe -D__hal__ -DALT_NO_INSTRUCTION_EMULATION -D__ucosii__    -O1 -g -Wall  -mno-hw-div -mhw-mul -mno-hw-mulx -mgpopt=global   -o obj/drivers/src/altera_avalon_timer_vars.o drivers/src/altera_avalon_timer_vars.c
Creating libucosii_bsp.a...
rm -f -f libucosii_bsp.a
nios2-elf-ar -src libucosii_bsp.a obj/HAL/src/alt_alarm_start.o obj/HAL/src/alt_busy_sleep.o obj/HAL/src/alt_close.o obj/HAL/src/alt_dcache_flush.o obj/HAL/src/alt_dcache_flush_all.o obj/HAL/src/alt_dcache_flush_no_writeback.o obj/HAL/src/alt_dev.o obj/HAL/src/alt_dev_llist_insert.o obj/HAL/src/alt_dma_rxchan_open.o obj/HAL/src/alt_dma_txchan_open.o obj/HAL/src/alt_do_ctors.o obj/HAL/src/alt_do_dtors.o obj/HAL/src/alt_ecc_fatal_entry.o obj/HAL/src/alt_ecc_fatal_exception.o obj/HAL/src/alt_environ.o obj/HAL/src/alt_errno.o obj/HAL/src/alt_exception_entry.o obj/HAL/src/alt_exception_muldiv.o obj/HAL/src/alt_exception_trap.o obj/HAL/src/alt_execve.o obj/HAL/src/alt_exit.o obj/HAL/src/alt_fcntl.o obj/HAL/src/alt_fd_lock.o obj/HAL/src/alt_fd_unlock.o obj/HAL/src/alt_find_dev.o obj/HAL/src/alt_find_file.o obj/HAL/src/alt_flash_dev.o obj/HAL/src/alt_fork.o obj/HAL/src/alt_fs_reg.o obj/HAL/src/alt_fstat.o obj/HAL/src/alt_get_fd.o obj/HAL/src/alt_getchar.o obj/HAL/src/alt_getpid.o obj/HAL/src/alt_gettod.o obj/HAL/src/alt_gmon.o obj/HAL/src/alt_icache_flush.o obj/HAL/src/alt_icache_flush_all.o obj/HAL/src/alt_iic.o obj/HAL/src/alt_iic_isr_register.o obj/HAL/src/alt_instruction_exception_entry.o obj/HAL/src/alt_instruction_exception_register.o obj/HAL/src/alt_io_redirect.o obj/HAL/src/alt_ioctl.o obj/HAL/src/alt_irq_entry.o obj/HAL/src/alt_irq_handler.o obj/HAL/src/alt_irq_register.o obj/HAL/src/alt_irq_vars.o obj/HAL/src/alt_isatty.o obj/HAL/src/alt_kill.o obj/HAL/src/alt_link.o obj/HAL/src/alt_load.o obj/HAL/src/alt_log_macro.o obj/HAL/src/alt_log_printf.o obj/HAL/src/alt_lseek.o obj/HAL/src/alt_main.o obj/HAL/src/alt_mcount.o obj/HAL/src/alt_open.o obj/HAL/src/alt_printf.o obj/HAL/src/alt_putchar.o obj/HAL/src/alt_putcharbuf.o obj/HAL/src/alt_putstr.o obj/HAL/src/alt_read.o obj/HAL/src/alt_release_fd.o obj/HAL/src/alt_remap_cached.o obj/HAL/src/alt_remap_uncached.o obj/HAL/src/alt_rename.o obj/HAL/src/alt_sbrk.o obj/HAL/src/alt_settod.o obj/HAL/src/alt_software_exception.o obj/HAL/src/alt_stat.o obj/HAL/src/alt_tick.o obj/HAL/src/alt_times.o obj/HAL/src/alt_uncached_free.o obj/HAL/src/alt_uncached_malloc.o obj/HAL/src/alt_unlink.o obj/HAL/src/alt_usleep.o obj/HAL/src/alt_wait.o obj/HAL/src/alt_write.o obj/HAL/src/altera_nios2_qsys_irq.o obj/HAL/src/crt0.o obj/HAL/src/os_cpu_a.o obj/HAL/src/os_cpu_c.o obj/UCOSII/src/alt_env_lock.o obj/UCOSII/src/alt_malloc_lock.o obj/UCOSII/src/os_core.o obj/UCOSII/src/os_dbg.o obj/UCOSII/src/os_flag.o obj/UCOSII/src/os_mbox.o obj/UCOSII/src/os_mem.o obj/UCOSII/src/os_mutex.o obj/UCOSII/src/os_q.o obj/UCOSII/src/os_sem.o obj/UCOSII/src/os_task.o obj/UCOSII/src/os_time.o obj/UCOSII/src/os_tmr.o obj/alt_sys_init.o obj/drivers/src/altera_avalon_jtag_uart_fd.o obj/drivers/src/altera_avalon_jtag_uart_init.o obj/drivers/src/altera_avalon_jtag_uart_ioctl.o obj/drivers/src/altera_avalon_jtag_uart_read.o obj/drivers/src/altera_avalon_jtag_uart_write.o obj/drivers/src/altera_avalon_sysid_qsys.o obj/drivers/src/altera_avalon_timer_sc.o obj/drivers/src/altera_avalon_timer_ts.o obj/drivers/src/altera_avalon_timer_vars.o
[BSP build complete]
Info: Compiling drivers/drivers.c to obj/default/drivers/drivers.o
nios2-elf-gcc -xc -MP -MMD -c -I../lab5_bsp//UCOSII/inc -I../lab5_bsp//HAL/inc -I../lab5_bsp/ -I../lab5_bsp//drivers/inc  -pipe -D__hal__ -DALT_NO_INSTRUCTION_EMULATION -D__ucosii__    -O1 -g -Wall   -mno-hw-div -mhw-mul -mno-hw-mulx -mgpopt=global  -o obj/default/drivers/drivers.o drivers/drivers.c
drivers/drivers.c: In function 'mouse_pos':
drivers/drivers.c:127:22: warning: suggest parentheses around '&&' within '||' [-Wparentheses]
  if (space_last == 0 && space == 1 || space_key == 1) {
                      ^
drivers/drivers.c: In function 'init_audio_hw':
drivers/drivers.c:75:1: warning: control reaches end of non-void function [-Wreturn-type]
 }
 ^
Info: Compiling graphic_lib/draw_gimps.c to obj/default/graphic_lib/draw_gimps.o
nios2-elf-gcc -xc -MP -MMD -c -I../lab5_bsp//UCOSII/inc -I../lab5_bsp//HAL/inc -I../lab5_bsp/ -I../lab5_bsp//drivers/inc  -pipe -D__hal__ -DALT_NO_INSTRUCTION_EMULATION -D__ucosii__    -O1 -g -Wall   -mno-hw-div -mhw-mul -mno-hw-mulx -mgpopt=global  -o obj/default/graphic_lib/draw_gimps.o graphic_lib/draw_gimps.c
graphic_lib/draw_gimps.c: In function 'DispIMAGE':
graphic_lib/draw_gimps.c:127:19: warning: unused variable 'frame_destiny' [-Wunused-variable]
    unsigned int  *frame_destiny;
                   ^
graphic_lib/draw_gimps.c: In function 'DispIMAGE_fit':
graphic_lib/draw_gimps.c:168:18: warning: assignment from incompatible pointer type [-Wincompatible-pointer-types]
       image_dest = (char*)display->Frame0_Base;
                  ^
graphic_lib/draw_gimps.c:172:18: warning: assignment from incompatible pointer type [-Wincompatible-pointer-types]
       image_dest = (char*)display->Frame1_Base;
                  ^
graphic_lib/draw_gimps.c: In function 'DispIMAGE_from_gimp':
graphic_lib/draw_gimps.c:210:18: warning: assignment from incompatible pointer type [-Wincompatible-pointer-types]
       image_dest = (char*)display->Frame0_Base;
                  ^
graphic_lib/draw_gimps.c:214:18: warning: assignment from incompatible pointer type [-Wincompatible-pointer-types]
       image_dest = (char*)display->Frame1_Base;
                  ^
Info: Compiling graphic_lib/simple_graphics.c to obj/default/graphic_lib/simple_graphics.o
nios2-elf-gcc -xc -MP -MMD -c -I../lab5_bsp//UCOSII/inc -I../lab5_bsp//HAL/inc -I../lab5_bsp/ -I../lab5_bsp//drivers/inc  -pipe -D__hal__ -DALT_NO_INSTRUCTION_EMULATION -D__ucosii__    -O1 -g -Wall   -mno-hw-div -mhw-mul -mno-hw-mulx -mgpopt=global  -o obj/default/graphic_lib/simple_graphics.o graphic_lib/simple_graphics.c
In file included from graphic_lib/simple_graphics.c:16:0:
graphic_lib/simple_graphics.h:173:16: warning: inline function 'alpha_blending' declared but never defined
 __inline__ int alpha_blending ( int horiz_offset,
                ^
graphic_lib/simple_graphics.h:166:16: warning: inline function 'read_from_frame' declared but never defined
 __inline__ int read_from_frame (int horiz,
                ^
graphic_lib/simple_graphics.h:160:16: warning: inline function 'merge_color_channels' declared but never defined
 __inline__ int merge_color_channels(int color_depth,
                ^
graphic_lib/simple_graphics.h:154:16: warning: inline function 'seperate_color_channels' declared but never defined
 __inline__ int seperate_color_channels( int color_depth,
                ^
Info: Compiling graphic_lib/simple_text.c to obj/default/graphic_lib/simple_text.o
nios2-elf-gcc -xc -MP -MMD -c -I../lab5_bsp//UCOSII/inc -I../lab5_bsp//HAL/inc -I../lab5_bsp/ -I../lab5_bsp//drivers/inc  -pipe -D__hal__ -DALT_NO_INSTRUCTION_EMULATION -D__ucosii__    -O1 -g -Wall   -mno-hw-div -mhw-mul -mno-hw-mulx -mgpopt=global  -o obj/default/graphic_lib/simple_text.o graphic_lib/simple_text.c
graphic_lib/simple_text.c: In function 'vid_print_char_alpha':
graphic_lib/simple_text.c:286:49: warning: pointer targets in passing argument 2 of 'seperate_color_channels' differ in signedness [-Wpointer-sign]
   seperate_color_channels(display->color_depth, (char *)&color, &original_red, &original_green, &original_blue);
                                                 ^
graphic_lib/simple_text.c:81:16: note: expected 'unsigned char *' but argument is of type 'char *'
 __inline__ int seperate_color_channels(int color_depth, unsigned char * color, unsigned char * red, unsigned char * green, unsigned char * blue)
                ^
graphic_lib/simple_text.c:298:68: warning: pointer targets in passing argument 5 of 'merge_color_channels' differ in signedness [-Wpointer-sign]
       merge_color_channels(display->color_depth, red, green, blue, (char *)&new_color);
                                                                    ^
graphic_lib/simple_text.c:125:16: note: expected 'unsigned char *' but argument is of type 'char *'
 __inline__ int merge_color_channels(int color_depth, unsigned char red, unsigned char green, unsigned char blue, unsigned char * color)
                ^
In file included from graphic_lib/simple_text.c:3:0:
graphic_lib/simple_text.c: At top level:
graphic_lib/simple_graphics.h:116:13: warning: inline function 'vid_put_pixel_in_span_map' declared but never defined
 inline void vid_put_pixel_in_span_map( int x, int y, int *span_array );
             ^
graphic_lib/simple_graphics.h:112:12: warning: inline function 'min3' declared but never defined
 inline int min3( int a, int b, int c );
            ^
graphic_lib/simple_graphics.h:110:12: warning: inline function 'max3' declared but never defined
 inline int max3( int a, int b, int c );
            ^
Info: Compiling hello_ucosii.c to obj/default/hello_ucosii.o
nios2-elf-gcc -xc -MP -MMD -c -I../lab5_bsp//UCOSII/inc -I../lab5_bsp//HAL/inc -I../lab5_bsp/ -I../lab5_bsp//drivers/inc  -pipe -D__hal__ -DALT_NO_INSTRUCTION_EMULATION -D__ucosii__    -O1 -g -Wall   -mno-hw-div -mhw-mul -mno-hw-mulx -mgpopt=global  -o obj/default/hello_ucosii.o hello_ucosii.c
hello_ucosii.c: In function 'send_audio_fifo':
hello_ucosii.c:150:8: warning: implicit declaration of function 'audio_dac_fifo_full' [-Wimplicit-function-declaration]
 while (audio_dac_fifo_full() == 1)
        ^
hello_ucosii.c: In function 'task2':
hello_ucosii.c:204:3: warning: implicit declaration of function 'select_color' [-Wimplicit-function-declaration]
   select_color(0);
   ^
hello_ucosii.c: In function 'main':
hello_ucosii.c:372:1: warning: implicit declaration of function 'init_lfsr_interrupt' [-Wimplicit-function-declaration]
 init_lfsr_interrupt();
 ^
In file included from hello_ucosii.c:40:0:
hello_ucosii.c: At top level:
./graphic_lib/simple_graphics.h:173:16: warning: inline function 'alpha_blending' declared but never defined
 __inline__ int alpha_blending ( int horiz_offset,
                ^
./graphic_lib/simple_graphics.h:166:16: warning: inline function 'read_from_frame' declared but never defined
 __inline__ int read_from_frame (int horiz,
                ^
./graphic_lib/simple_graphics.h:160:16: warning: inline function 'merge_color_channels' declared but never defined
 __inline__ int merge_color_channels(int color_depth,
                ^
./graphic_lib/simple_graphics.h:154:16: warning: inline function 'seperate_color_channels' declared but never defined
 __inline__ int seperate_color_channels( int color_depth,
                ^
./graphic_lib/simple_graphics.h:116:13: warning: inline function 'vid_put_pixel_in_span_map' declared but never defined
 inline void vid_put_pixel_in_span_map( int x, int y, int *span_array );
             ^
./graphic_lib/simple_graphics.h:112:12: warning: inline function 'min3' declared but never defined
 inline int min3( int a, int b, int c );
            ^
./graphic_lib/simple_graphics.h:110:12: warning: inline function 'max3' declared but never defined
 inline int max3( int a, int b, int c );
            ^
Info: Compiling student_code/student_code.c to obj/default/student_code/student_code.o
nios2-elf-gcc -xc -MP -MMD -c -I../lab5_bsp//UCOSII/inc -I../lab5_bsp//HAL/inc -I../lab5_bsp/ -I../lab5_bsp//drivers/inc  -pipe -D__hal__ -DALT_NO_INSTRUCTION_EMULATION -D__ucosii__    -O1 -g -Wall   -mno-hw-div -mhw-mul -mno-hw-mulx -mgpopt=global  -o obj/default/student_code/student_code.o student_code/student_code.c
Info: Compiling vip_fr.c to obj/default/vip_fr.o
nios2-elf-gcc -xc -MP -MMD -c -I../lab5_bsp//UCOSII/inc -I../lab5_bsp//HAL/inc -I../lab5_bsp/ -I../lab5_bsp//drivers/inc  -pipe -D__hal__ -DALT_NO_INSTRUCTION_EMULATION -D__ucosii__    -O1 -g -Wall   -mno-hw-div -mhw-mul -mno-hw-mulx -mgpopt=global  -o obj/default/vip_fr.o vip_fr.c
vip_fr.c: In function 'VIPFR_ActiveDrawFrame':
vip_fr.c:79:6: warning: implicit declaration of function 'alt_dcache_flush_all' [-Wimplicit-function-declaration]
      alt_dcache_flush_all();
      ^
Info: Linking lab5.elf
nios2-elf-g++  -T'../lab5_bsp//linker.x' -msys-crt0='../lab5_bsp//obj/HAL/src/crt0.o' -msys-lib=ucosii_bsp -L../lab5_bsp/   -Wl,-Map=lab5.map   -O1 -g -Wall   -mno-hw-div -mhw-mul -mno-hw-mulx -mgpopt=global  -o lab5.elf obj/default/drivers/drivers.o obj/default/fonts/tahomabold_20.o obj/default/fonts/tahomabold_32.o obj/default/frame.o obj/default/graphic_lib/draw_gimps.o obj/default/graphic_lib/gimp_bmp.o obj/default/graphic_lib/simple_graphics.o obj/default/graphic_lib/simple_text.o obj/default/hello_ucosii.o obj/default/imagenes/back_down.o obj/default/imagenes/back_up.o obj/default/imagenes/ford_down.o obj/default/imagenes/ford_up.o obj/default/imagenes/pause_down.o obj/default/imagenes/pause_up.o obj/default/imagenes/play_down.o obj/default/imagenes/play_up.o obj/default/imagenes/stop_down.o obj/default/imagenes/stop_up.o obj/default/song/song.o obj/default/student_code/student_code.o obj/default/vip_fr.o -lm -msys-lib=m
obj/default/hello_ucosii.o: In function `task2':
C:\Users\Ryan\Documents\GitHub\LAB-05-WORKING\Lab05Attempt03\software\lab5/hello_ucosii.c:204: undefined reference to `select_color'
C:\Users\Ryan\Documents\GitHub\LAB-05-WORKING\Lab05Attempt03\software\lab5/hello_ucosii.c:210: undefined reference to `select_color'
C:\Users\Ryan\Documents\GitHub\LAB-05-WORKING\Lab05Attempt03\software\lab5/hello_ucosii.c:214: undefined reference to `select_color'
C:\Users\Ryan\Documents\GitHub\LAB-05-WORKING\Lab05Attempt03\software\lab5/hello_ucosii.c:218: undefined reference to `select_color'
obj/default/hello_ucosii.o: In function `main':
C:\Users\Ryan\Documents\GitHub\LAB-05-WORKING\Lab05Attempt03\software\lab5/hello_ucosii.c:387: undefined reference to `select_color'
collect2.exe: error: ld returned 1 exit status
make: *** [lab5.elf] Error 1
13:23:16 **** Incremental Build of configuration Nios II for project lab5 ****
make all 
Info: Building ../lab5_bsp/
G:/intelFPGA_lite/16.1/nios2eds/bin/gnu/H-x86_64-mingw32/bin/make --no-print-directory -C ../lab5_bsp/
[BSP build complete]
Info: Linking lab5.elf
nios2-elf-g++  -T'../lab5_bsp//linker.x' -msys-crt0='../lab5_bsp//obj/HAL/src/crt0.o' -msys-lib=ucosii_bsp -L../lab5_bsp/   -Wl,-Map=lab5.map   -O1 -g -Wall   -mno-hw-div -mhw-mul -mno-hw-mulx -mgpopt=global  -o lab5.elf obj/default/drivers/drivers.o obj/default/fonts/tahomabold_20.o obj/default/fonts/tahomabold_32.o obj/default/frame.o obj/default/graphic_lib/draw_gimps.o obj/default/graphic_lib/gimp_bmp.o obj/default/graphic_lib/simple_graphics.o obj/default/graphic_lib/simple_text.o obj/default/hello_ucosii.o obj/default/imagenes/back_down.o obj/default/imagenes/back_up.o obj/default/imagenes/ford_down.o obj/default/imagenes/ford_up.o obj/default/imagenes/pause_down.o obj/default/imagenes/pause_up.o obj/default/imagenes/play_down.o obj/default/imagenes/play_up.o obj/default/imagenes/stop_down.o obj/default/imagenes/stop_up.o obj/default/song/song.o obj/default/student_code/student_code.o obj/default/vip_fr.o -lm -msys-lib=m
obj/default/hello_ucosii.o: In function `task2':
C:\Users\Ryan\Documents\GitHub\LAB-05-WORKING\Lab05Attempt03\software\lab5/hello_ucosii.c:204: undefined reference to `select_color'
C:\Users\Ryan\Documents\GitHub\LAB-05-WORKING\Lab05Attempt03\software\lab5/hello_ucosii.c:210: undefined reference to `select_color'
C:\Users\Ryan\Documents\GitHub\LAB-05-WORKING\Lab05Attempt03\software\lab5/hello_ucosii.c:214: undefined reference to `select_color'
C:\Users\Ryan\Documents\GitHub\LAB-05-WORKING\Lab05Attempt03\software\lab5/hello_ucosii.c:218: undefined reference to `select_color'
obj/default/hello_ucosii.o: In function `main':
C:\Users\Ryan\Documents\GitHub\LAB-05-WORKING\Lab05Attempt03\software\lab5/hello_ucosii.c:387: undefined reference to `select_color'
collect2.exe: error: ld returned 1 exit status
make: *** [lab5.elf] Error 1
13:24:04 **** Incremental Build of configuration Nios II for project lab5 ****
make all 
Info: Building ../lab5_bsp/
G:/intelFPGA_lite/16.1/nios2eds/bin/gnu/H-x86_64-mingw32/bin/make --no-print-directory -C ../lab5_bsp/
[BSP build complete]
Info: Linking lab5.elf
nios2-elf-g++  -T'../lab5_bsp//linker.x' -msys-crt0='../lab5_bsp//obj/HAL/src/crt0.o' -msys-lib=ucosii_bsp -L../lab5_bsp/   -Wl,-Map=lab5.map   -O1 -g -Wall   -mno-hw-div -mhw-mul -mno-hw-mulx -mgpopt=global  -o lab5.elf obj/default/drivers/drivers.o obj/default/fonts/tahomabold_20.o obj/default/fonts/tahomabold_32.o obj/default/frame.o obj/default/graphic_lib/draw_gimps.o obj/default/graphic_lib/gimp_bmp.o obj/default/graphic_lib/simple_graphics.o obj/default/graphic_lib/simple_text.o obj/default/hello_ucosii.o obj/default/imagenes/back_down.o obj/default/imagenes/back_up.o obj/default/imagenes/ford_down.o obj/default/imagenes/ford_up.o obj/default/imagenes/pause_down.o obj/default/imagenes/pause_up.o obj/default/imagenes/play_down.o obj/default/imagenes/play_up.o obj/default/imagenes/stop_down.o obj/default/imagenes/stop_up.o obj/default/song/song.o obj/default/student_code/student_code.o obj/default/vip_fr.o -lm -msys-lib=m
obj/default/hello_ucosii.o: In function `task2':
C:\Users\Ryan\Documents\GitHub\LAB-05-WORKING\Lab05Attempt03\software\lab5/hello_ucosii.c:204: undefined reference to `select_color'
C:\Users\Ryan\Documents\GitHub\LAB-05-WORKING\Lab05Attempt03\software\lab5/hello_ucosii.c:210: undefined reference to `select_color'
C:\Users\Ryan\Documents\GitHub\LAB-05-WORKING\Lab05Attempt03\software\lab5/hello_ucosii.c:214: undefined reference to `select_color'
C:\Users\Ryan\Documents\GitHub\LAB-05-WORKING\Lab05Attempt03\software\lab5/hello_ucosii.c:218: undefined reference to `select_color'
obj/default/hello_ucosii.o: In function `main':
C:\Users\Ryan\Documents\GitHub\LAB-05-WORKING\Lab05Attempt03\software\lab5/hello_ucosii.c:387: undefined reference to `select_color'
collect2.exe: error: ld returned 1 exit status
make: *** [lab5.elf] Error 1
13:24:05 **** Build of configuration Nios II for project lab5_bsp ****
make all 
[BSP build complete]
13:24:16 **** Incremental Build of configuration Nios II for project lab5 ****
make all 
Info: Building ../lab5_bsp/
G:/intelFPGA_lite/16.1/nios2eds/bin/gnu/H-x86_64-mingw32/bin/make --no-print-directory -C ../lab5_bsp/
[BSP build complete]
Info: Linking lab5.elf
nios2-elf-g++  -T'../lab5_bsp//linker.x' -msys-crt0='../lab5_bsp//obj/HAL/src/crt0.o' -msys-lib=ucosii_bsp -L../lab5_bsp/   -Wl,-Map=lab5.map   -O1 -g -Wall   -mno-hw-div -mhw-mul -mno-hw-mulx -mgpopt=global  -o lab5.elf obj/default/drivers/drivers.o obj/default/fonts/tahomabold_20.o obj/default/fonts/tahomabold_32.o obj/default/frame.o obj/default/graphic_lib/draw_gimps.o obj/default/graphic_lib/gimp_bmp.o obj/default/graphic_lib/simple_graphics.o obj/default/graphic_lib/simple_text.o obj/default/hello_ucosii.o obj/default/imagenes/back_down.o obj/default/imagenes/back_up.o obj/default/imagenes/ford_down.o obj/default/imagenes/ford_up.o obj/default/imagenes/pause_down.o obj/default/imagenes/pause_up.o obj/default/imagenes/play_down.o obj/default/imagenes/play_up.o obj/default/imagenes/stop_down.o obj/default/imagenes/stop_up.o obj/default/song/song.o obj/default/student_code/student_code.o obj/default/vip_fr.o -lm -msys-lib=m
obj/default/hello_ucosii.o: In function `task2':
C:\Users\Ryan\Documents\GitHub\LAB-05-WORKING\Lab05Attempt03\software\lab5/hello_ucosii.c:204: undefined reference to `select_color'
C:\Users\Ryan\Documents\GitHub\LAB-05-WORKING\Lab05Attempt03\software\lab5/hello_ucosii.c:210: undefined reference to `select_color'
C:\Users\Ryan\Documents\GitHub\LAB-05-WORKING\Lab05Attempt03\software\lab5/hello_ucosii.c:214: undefined reference to `select_color'
C:\Users\Ryan\Documents\GitHub\LAB-05-WORKING\Lab05Attempt03\software\lab5/hello_ucosii.c:218: undefined reference to `select_color'
obj/default/hello_ucosii.o: In function `main':
C:\Users\Ryan\Documents\GitHub\LAB-05-WORKING\Lab05Attempt03\software\lab5/hello_ucosii.c:387: undefined reference to `select_color'
collect2.exe: error: ld returned 1 exit status
make: *** [lab5.elf] Error 1
13:27:12 **** Build of configuration Nios II for project lab5 ****
make all 
Info: Building ../lab5_bsp/
G:/intelFPGA_lite/16.1/nios2eds/bin/gnu/H-x86_64-mingw32/bin/make --no-print-directory -C ../lab5_bsp/
[BSP build complete]
Info: Linking lab5.elf
nios2-elf-g++  -T'../lab5_bsp//linker.x' -msys-crt0='../lab5_bsp//obj/HAL/src/crt0.o' -msys-lib=ucosii_bsp -L../lab5_bsp/   -Wl,-Map=lab5.map   -O1 -g -Wall   -mno-hw-div -mhw-mul -mno-hw-mulx -mgpopt=global  -o lab5.elf obj/default/drivers/drivers.o obj/default/fonts/tahomabold_20.o obj/default/fonts/tahomabold_32.o obj/default/frame.o obj/default/graphic_lib/draw_gimps.o obj/default/graphic_lib/gimp_bmp.o obj/default/graphic_lib/simple_graphics.o obj/default/graphic_lib/simple_text.o obj/default/hello_ucosii.o obj/default/imagenes/back_down.o obj/default/imagenes/back_up.o obj/default/imagenes/ford_down.o obj/default/imagenes/ford_up.o obj/default/imagenes/pause_down.o obj/default/imagenes/pause_up.o obj/default/imagenes/play_down.o obj/default/imagenes/play_up.o obj/default/imagenes/stop_down.o obj/default/imagenes/stop_up.o obj/default/song/song.o obj/default/student_code/student_code.o obj/default/vip_fr.o -lm -msys-lib=m
obj/default/hello_ucosii.o: In function `task2':
C:\Users\Ryan\Documents\GitHub\LAB-05-WORKING\Lab05Attempt03\software\lab5/hello_ucosii.c:204: undefined reference to `select_color'
C:\Users\Ryan\Documents\GitHub\LAB-05-WORKING\Lab05Attempt03\software\lab5/hello_ucosii.c:210: undefined reference to `select_color'
C:\Users\Ryan\Documents\GitHub\LAB-05-WORKING\Lab05Attempt03\software\lab5/hello_ucosii.c:214: undefined reference to `select_color'
C:\Users\Ryan\Documents\GitHub\LAB-05-WORKING\Lab05Attempt03\software\lab5/hello_ucosii.c:218: undefined reference to `select_color'
obj/default/hello_ucosii.o: In function `main':
C:\Users\Ryan\Documents\GitHub\LAB-05-WORKING\Lab05Attempt03\software\lab5/hello_ucosii.c:387: undefined reference to `select_color'
collect2.exe: error: ld returned 1 exit status
make: *** [lab5.elf] Error 1
13:27:13 **** Build of configuration Nios II for project lab5_bsp ****
make all 
[BSP build complete]
13:27:22 **** Incremental Build of configuration Nios II for project lab5 ****
make all 
Info: Building ../lab5_bsp/
G:/intelFPGA_lite/16.1/nios2eds/bin/gnu/H-x86_64-mingw32/bin/make --no-print-directory -C ../lab5_bsp/
[BSP build complete]
Info: Linking lab5.elf
nios2-elf-g++  -T'../lab5_bsp//linker.x' -msys-crt0='../lab5_bsp//obj/HAL/src/crt0.o' -msys-lib=ucosii_bsp -L../lab5_bsp/   -Wl,-Map=lab5.map   -O1 -g -Wall   -mno-hw-div -mhw-mul -mno-hw-mulx -mgpopt=global  -o lab5.elf obj/default/drivers/drivers.o obj/default/fonts/tahomabold_20.o obj/default/fonts/tahomabold_32.o obj/default/frame.o obj/default/graphic_lib/draw_gimps.o obj/default/graphic_lib/gimp_bmp.o obj/default/graphic_lib/simple_graphics.o obj/default/graphic_lib/simple_text.o obj/default/hello_ucosii.o obj/default/imagenes/back_down.o obj/default/imagenes/back_up.o obj/default/imagenes/ford_down.o obj/default/imagenes/ford_up.o obj/default/imagenes/pause_down.o obj/default/imagenes/pause_up.o obj/default/imagenes/play_down.o obj/default/imagenes/play_up.o obj/default/imagenes/stop_down.o obj/default/imagenes/stop_up.o obj/default/song/song.o obj/default/student_code/student_code.o obj/default/vip_fr.o -lm -msys-lib=m
obj/default/hello_ucosii.o: In function `task2':
C:\Users\Ryan\Documents\GitHub\LAB-05-WORKING\Lab05Attempt03\software\lab5/hello_ucosii.c:204: undefined reference to `select_color'
C:\Users\Ryan\Documents\GitHub\LAB-05-WORKING\Lab05Attempt03\software\lab5/hello_ucosii.c:210: undefined reference to `select_color'
C:\Users\Ryan\Documents\GitHub\LAB-05-WORKING\Lab05Attempt03\software\lab5/hello_ucosii.c:214: undefined reference to `select_color'
C:\Users\Ryan\Documents\GitHub\LAB-05-WORKING\Lab05Attempt03\software\lab5/hello_ucosii.c:218: undefined reference to `select_color'
obj/default/hello_ucosii.o: In function `main':
C:\Users\Ryan\Documents\GitHub\LAB-05-WORKING\Lab05Attempt03\software\lab5/hello_ucosii.c:387: undefined reference to `select_color'
collect2.exe: error: ld returned 1 exit status
make: *** [lab5.elf] Error 1
13:34:58 **** Incremental Build of configuration Nios II for project lab5 ****
make all 
Info: Building ../lab5_bsp/
G:/intelFPGA_lite/16.1/nios2eds/bin/gnu/H-x86_64-mingw32/bin/make --no-print-directory -C ../lab5_bsp/
[BSP build complete]
Info: Compiling drivers/drivers.c to obj/default/drivers/drivers.o
nios2-elf-gcc -xc -MP -MMD -c -I../lab5_bsp//UCOSII/inc -I../lab5_bsp//HAL/inc -I../lab5_bsp/ -I../lab5_bsp//drivers/inc  -pipe -D__hal__ -DALT_NO_INSTRUCTION_EMULATION -D__ucosii__    -O1 -g -Wall   -mno-hw-div -mhw-mul -mno-hw-mulx -mgpopt=global  -o obj/default/drivers/drivers.o drivers/drivers.c
drivers/drivers.c: In function 'mouse_pos':
drivers/drivers.c:131:22: warning: suggest parentheses around '&&' within '||' [-Wparentheses]
  if (space_last == 0 && space == 1 || space_key == 1) {
                      ^
drivers/drivers.c: In function 'init_audio_hw':
drivers/drivers.c:75:1: warning: control reaches end of non-void function [-Wreturn-type]
 }
 ^
Info: Compiling hello_ucosii.c to obj/default/hello_ucosii.o
nios2-elf-gcc -xc -MP -MMD -c -I../lab5_bsp//UCOSII/inc -I../lab5_bsp//HAL/inc -I../lab5_bsp/ -I../lab5_bsp//drivers/inc  -pipe -D__hal__ -DALT_NO_INSTRUCTION_EMULATION -D__ucosii__    -O1 -g -Wall   -mno-hw-div -mhw-mul -mno-hw-mulx -mgpopt=global  -o obj/default/hello_ucosii.o hello_ucosii.c
hello_ucosii.c: In function 'send_audio_fifo':
hello_ucosii.c:151:8: warning: implicit declaration of function 'audio_dac_fifo_full' [-Wimplicit-function-declaration]
 while (audio_dac_fifo_full() == 1)
        ^
hello_ucosii.c: In function 'task2':
hello_ucosii.c:205:3: warning: implicit declaration of function 'select_color' [-Wimplicit-function-declaration]
   select_color(0);
   ^
hello_ucosii.c: In function 'main':
hello_ucosii.c:373:1: warning: implicit declaration of function 'init_lfsr_interrupt' [-Wimplicit-function-declaration]
 init_lfsr_interrupt();
 ^
In file included from hello_ucosii.c:40:0:
hello_ucosii.c: At top level:
./graphic_lib/simple_graphics.h:173:16: warning: inline function 'alpha_blending' declared but never defined
 __inline__ int alpha_blending ( int horiz_offset,
                ^
./graphic_lib/simple_graphics.h:166:16: warning: inline function 'read_from_frame' declared but never defined
 __inline__ int read_from_frame (int horiz,
                ^
./graphic_lib/simple_graphics.h:160:16: warning: inline function 'merge_color_channels' declared but never defined
 __inline__ int merge_color_channels(int color_depth,
                ^
./graphic_lib/simple_graphics.h:154:16: warning: inline function 'seperate_color_channels' declared but never defined
 __inline__ int seperate_color_channels( int color_depth,
                ^
./graphic_lib/simple_graphics.h:116:13: warning: inline function 'vid_put_pixel_in_span_map' declared but never defined
 inline void vid_put_pixel_in_span_map( int x, int y, int *span_array );
             ^
./graphic_lib/simple_graphics.h:112:12: warning: inline function 'min3' declared but never defined
 inline int min3( int a, int b, int c );
            ^
./graphic_lib/simple_graphics.h:110:12: warning: inline function 'max3' declared but never defined
 inline int max3( int a, int b, int c );
            ^
Info: Linking lab5.elf
nios2-elf-g++  -T'../lab5_bsp//linker.x' -msys-crt0='../lab5_bsp//obj/HAL/src/crt0.o' -msys-lib=ucosii_bsp -L../lab5_bsp/   -Wl,-Map=lab5.map   -O1 -g -Wall   -mno-hw-div -mhw-mul -mno-hw-mulx -mgpopt=global  -o lab5.elf obj/default/drivers/drivers.o obj/default/fonts/tahomabold_20.o obj/default/fonts/tahomabold_32.o obj/default/frame.o obj/default/graphic_lib/draw_gimps.o obj/default/graphic_lib/gimp_bmp.o obj/default/graphic_lib/simple_graphics.o obj/default/graphic_lib/simple_text.o obj/default/hello_ucosii.o obj/default/imagenes/back_down.o obj/default/imagenes/back_up.o obj/default/imagenes/ford_down.o obj/default/imagenes/ford_up.o obj/default/imagenes/pause_down.o obj/default/imagenes/pause_up.o obj/default/imagenes/play_down.o obj/default/imagenes/play_up.o obj/default/imagenes/stop_down.o obj/default/imagenes/stop_up.o obj/default/song/song.o obj/default/student_code/student_code.o obj/default/vip_fr.o -lm -msys-lib=m
nios2-elf-insert lab5.elf --thread_model ucosii --cpu_name cpu --qsys true --simulation_enabled false --id 0 --sidp 0x80011e0 --timestamp 1719259059 --stderr_dev jtag_uart --stdin_dev jtag_uart --stdout_dev jtag_uart --sopc_system_name DE1_SoC_QSYS --quartus_project_dir "C:/Users/Ryan/Documents/GitHub/LAB-05-WORKING/Lab05Attempt03" --jdi C:/Users/Ryan/Documents/GitHub/LAB-05-WORKING/Lab05Attempt03/software/lab5_bsp/../../dds_and_nios_lab.jdi --sopcinfo C:/Users/Ryan/Documents/GitHub/LAB-05-WORKING/Lab05Attempt03/software/lab5_bsp/../../DE1_SoC_QSYS.sopcinfo
Info: (lab5.elf) 1804 KBytes program size (code + initialized data).
Info:            58093 KBytes free for stack + heap.
[lab5 build complete]
13:35:00 **** Incremental Build of configuration Nios II for project lab5_bsp ****
make all 
[BSP build complete]
13:35:12 **** Incremental Build of configuration Nios II for project lab5 ****
make all 
Info: Building ../lab5_bsp/
G:/intelFPGA_lite/16.1/nios2eds/bin/gnu/H-x86_64-mingw32/bin/make --no-print-directory -C ../lab5_bsp/
[BSP build complete]
[lab5 build complete]
13:36:41 **** Incremental Build of configuration Nios II for project lab5 ****
make all 
Info: Building ../lab5_bsp/
G:/intelFPGA_lite/16.1/nios2eds/bin/gnu/H-x86_64-mingw32/bin/make --no-print-directory -C ../lab5_bsp/
[BSP build complete]
[lab5 build complete]
13:36:42 **** Incremental Build of configuration Nios II for project lab5_bsp ****
make all 
[BSP build complete]
13:36:46 **** Incremental Build of configuration Nios II for project lab5 ****
make all 
Info: Building ../lab5_bsp/
G:/intelFPGA_lite/16.1/nios2eds/bin/gnu/H-x86_64-mingw32/bin/make --no-print-directory -C ../lab5_bsp/
[BSP build complete]
[lab5 build complete]
13:47:08 **** Incremental Build of configuration Nios II for project lab5 ****
make all 
Info: Building ../lab5_bsp/
G:/intelFPGA_lite/16.1/nios2eds/bin/gnu/H-x86_64-mingw32/bin/make --no-print-directory -C ../lab5_bsp/
[BSP build complete]
[lab5 build complete]
13:47:31 **** Incremental Build of configuration Nios II for project lab5 ****
make all 
Info: Building ../lab5_bsp/
G:/intelFPGA_lite/16.1/nios2eds/bin/gnu/H-x86_64-mingw32/bin/make --no-print-directory -C ../lab5_bsp/
[BSP build complete]
[lab5 build complete]
13:47:32 **** Incremental Build of configuration Nios II for project lab5_bsp ****
make all 
[BSP build complete]
13:47:42 **** Incremental Build of configuration Nios II for project lab5 ****
make all 
Info: Building ../lab5_bsp/
G:/intelFPGA_lite/16.1/nios2eds/bin/gnu/H-x86_64-mingw32/bin/make --no-print-directory -C ../lab5_bsp/
[BSP build complete]
[lab5 build complete]
13:48:14 **** Incremental Build of configuration Nios II for project lab5 ****
make all 
Info: Building ../lab5_bsp/
G:/intelFPGA_lite/16.1/nios2eds/bin/gnu/H-x86_64-mingw32/bin/make --no-print-directory -C ../lab5_bsp/
[BSP build complete]
[lab5 build complete]
13:50:33 **** Incremental Build of configuration Nios II for project lab5 ****
make all 
Info: Building ../lab5_bsp/
G:/intelFPGA_lite/16.1/nios2eds/bin/gnu/H-x86_64-mingw32/bin/make --no-print-directory -C ../lab5_bsp/
[BSP build complete]
Info: Compiling hello_ucosii.c to obj/default/hello_ucosii.o
nios2-elf-gcc -xc -MP -MMD -c -I../lab5_bsp//UCOSII/inc -I../lab5_bsp//HAL/inc -I../lab5_bsp/ -I../lab5_bsp//drivers/inc  -pipe -D__hal__ -DALT_NO_INSTRUCTION_EMULATION -D__ucosii__    -O1 -g -Wall   -mno-hw-div -mhw-mul -mno-hw-mulx -mgpopt=global  -o obj/default/hello_ucosii.o hello_ucosii.c
hello_ucosii.c: In function 'send_audio_fifo':
hello_ucosii.c:151:8: warning: implicit declaration of function 'audio_dac_fifo_full' [-Wimplicit-function-declaration]
 while (audio_dac_fifo_full() == 1)
        ^
hello_ucosii.c: In function 'task2':
hello_ucosii.c:205:3: warning: implicit declaration of function 'select_color' [-Wimplicit-function-declaration]
   select_color(0);
   ^
hello_ucosii.c: In function 'main':
hello_ucosii.c:373:1: warning: implicit declaration of function 'init_lfsr_interrupt' [-Wimplicit-function-declaration]
 init_lfsr_interrupt();
 ^
In file included from hello_ucosii.c:40:0:
hello_ucosii.c: At top level:
./graphic_lib/simple_graphics.h:173:16: warning: inline function 'alpha_blending' declared but never defined
 __inline__ int alpha_blending ( int horiz_offset,
                ^
./graphic_lib/simple_graphics.h:166:16: warning: inline function 'read_from_frame' declared but never defined
 __inline__ int read_from_frame (int horiz,
                ^
./graphic_lib/simple_graphics.h:160:16: warning: inline function 'merge_color_channels' declared but never defined
 __inline__ int merge_color_channels(int color_depth,
                ^
./graphic_lib/simple_graphics.h:154:16: warning: inline function 'seperate_color_channels' declared but never defined
 __inline__ int seperate_color_channels( int color_depth,
                ^
./graphic_lib/simple_graphics.h:116:13: warning: inline function 'vid_put_pixel_in_span_map' declared but never defined
 inline void vid_put_pixel_in_span_map( int x, int y, int *span_array );
             ^
./graphic_lib/simple_graphics.h:112:12: warning: inline function 'min3' declared but never defined
 inline int min3( int a, int b, int c );
            ^
./graphic_lib/simple_graphics.h:110:12: warning: inline function 'max3' declared but never defined
 inline int max3( int a, int b, int c );
            ^
Info: Linking lab5.elf
nios2-elf-g++  -T'../lab5_bsp//linker.x' -msys-crt0='../lab5_bsp//obj/HAL/src/crt0.o' -msys-lib=ucosii_bsp -L../lab5_bsp/   -Wl,-Map=lab5.map   -O1 -g -Wall   -mno-hw-div -mhw-mul -mno-hw-mulx -mgpopt=global  -o lab5.elf obj/default/drivers/drivers.o obj/default/fonts/tahomabold_20.o obj/default/fonts/tahomabold_32.o obj/default/frame.o obj/default/graphic_lib/draw_gimps.o obj/default/graphic_lib/gimp_bmp.o obj/default/graphic_lib/simple_graphics.o obj/default/graphic_lib/simple_text.o obj/default/hello_ucosii.o obj/default/imagenes/back_down.o obj/default/imagenes/back_up.o obj/default/imagenes/ford_down.o obj/default/imagenes/ford_up.o obj/default/imagenes/pause_down.o obj/default/imagenes/pause_up.o obj/default/imagenes/play_down.o obj/default/imagenes/play_up.o obj/default/imagenes/stop_down.o obj/default/imagenes/stop_up.o obj/default/song/song.o obj/default/student_code/student_code.o obj/default/vip_fr.o -lm -msys-lib=m
nios2-elf-insert lab5.elf --thread_model ucosii --cpu_name cpu --qsys true --simulation_enabled false --id 0 --sidp 0x80011e0 --timestamp 1719259059 --stderr_dev jtag_uart --stdin_dev jtag_uart --stdout_dev jtag_uart --sopc_system_name DE1_SoC_QSYS --quartus_project_dir "C:/Users/Ryan/Documents/GitHub/LAB-05-WORKING/Lab05Attempt03" --jdi C:/Users/Ryan/Documents/GitHub/LAB-05-WORKING/Lab05Attempt03/software/lab5_bsp/../../dds_and_nios_lab.jdi --sopcinfo C:/Users/Ryan/Documents/GitHub/LAB-05-WORKING/Lab05Attempt03/software/lab5_bsp/../../DE1_SoC_QSYS.sopcinfo
Info: (lab5.elf) 1804 KBytes program size (code + initialized data).
Info:            58093 KBytes free for stack + heap.
[lab5 build complete]
13:50:35 **** Incremental Build of configuration Nios II for project lab5_bsp ****
make all 
[BSP build complete]
13:50:42 **** Incremental Build of configuration Nios II for project lab5 ****
make all 
Info: Building ../lab5_bsp/
G:/intelFPGA_lite/16.1/nios2eds/bin/gnu/H-x86_64-mingw32/bin/make --no-print-directory -C ../lab5_bsp/
[BSP build complete]
[lab5 build complete]
13:51:06 **** Incremental Build of configuration Nios II for project lab5 ****
make all 
Info: Building ../lab5_bsp/
G:/intelFPGA_lite/16.1/nios2eds/bin/gnu/H-x86_64-mingw32/bin/make --no-print-directory -C ../lab5_bsp/
[BSP build complete]
Info: Compiling hello_ucosii.c to obj/default/hello_ucosii.o
nios2-elf-gcc -xc -MP -MMD -c -I../lab5_bsp//UCOSII/inc -I../lab5_bsp//HAL/inc -I../lab5_bsp/ -I../lab5_bsp//drivers/inc  -pipe -D__hal__ -DALT_NO_INSTRUCTION_EMULATION -D__ucosii__    -O1 -g -Wall   -mno-hw-div -mhw-mul -mno-hw-mulx -mgpopt=global  -o obj/default/hello_ucosii.o hello_ucosii.c
hello_ucosii.c: In function 'send_audio_fifo':
hello_ucosii.c:151:8: warning: implicit declaration of function 'audio_dac_fifo_full' [-Wimplicit-function-declaration]
 while (audio_dac_fifo_full() == 1)
        ^
hello_ucosii.c: In function 'task2':
hello_ucosii.c:205:3: warning: implicit declaration of function 'select_color' [-Wimplicit-function-declaration]
   select_color(0);
   ^
hello_ucosii.c: In function 'main':
hello_ucosii.c:373:1: warning: implicit declaration of function 'init_lfsr_interrupt' [-Wimplicit-function-declaration]
 init_lfsr_interrupt();
 ^
In file included from hello_ucosii.c:40:0:
hello_ucosii.c: At top level:
./graphic_lib/simple_graphics.h:173:16: warning: inline function 'alpha_blending' declared but never defined
 __inline__ int alpha_blending ( int horiz_offset,
                ^
./graphic_lib/simple_graphics.h:166:16: warning: inline function 'read_from_frame' declared but never defined
 __inline__ int read_from_frame (int horiz,
                ^
./graphic_lib/simple_graphics.h:160:16: warning: inline function 'merge_color_channels' declared but never defined
 __inline__ int merge_color_channels(int color_depth,
                ^
./graphic_lib/simple_graphics.h:154:16: warning: inline function 'seperate_color_channels' declared but never defined
 __inline__ int seperate_color_channels( int color_depth,
                ^
./graphic_lib/simple_graphics.h:116:13: warning: inline function 'vid_put_pixel_in_span_map' declared but never defined
 inline void vid_put_pixel_in_span_map( int x, int y, int *span_array );
             ^
./graphic_lib/simple_graphics.h:112:12: warning: inline function 'min3' declared but never defined
 inline int min3( int a, int b, int c );
            ^
./graphic_lib/simple_graphics.h:110:12: warning: inline function 'max3' declared but never defined
 inline int max3( int a, int b, int c );
            ^
Info: Linking lab5.elf
nios2-elf-g++  -T'../lab5_bsp//linker.x' -msys-crt0='../lab5_bsp//obj/HAL/src/crt0.o' -msys-lib=ucosii_bsp -L../lab5_bsp/   -Wl,-Map=lab5.map   -O1 -g -Wall   -mno-hw-div -mhw-mul -mno-hw-mulx -mgpopt=global  -o lab5.elf obj/default/drivers/drivers.o obj/default/fonts/tahomabold_20.o obj/default/fonts/tahomabold_32.o obj/default/frame.o obj/default/graphic_lib/draw_gimps.o obj/default/graphic_lib/gimp_bmp.o obj/default/graphic_lib/simple_graphics.o obj/default/graphic_lib/simple_text.o obj/default/hello_ucosii.o obj/default/imagenes/back_down.o obj/default/imagenes/back_up.o obj/default/imagenes/ford_down.o obj/default/imagenes/ford_up.o obj/default/imagenes/pause_down.o obj/default/imagenes/pause_up.o obj/default/imagenes/play_down.o obj/default/imagenes/play_up.o obj/default/imagenes/stop_down.o obj/default/imagenes/stop_up.o obj/default/song/song.o obj/default/student_code/student_code.o obj/default/vip_fr.o -lm -msys-lib=m
nios2-elf-insert lab5.elf --thread_model ucosii --cpu_name cpu --qsys true --simulation_enabled false --id 0 --sidp 0x80011e0 --timestamp 1719259059 --stderr_dev jtag_uart --stdin_dev jtag_uart --stdout_dev jtag_uart --sopc_system_name DE1_SoC_QSYS --quartus_project_dir "C:/Users/Ryan/Documents/GitHub/LAB-05-WORKING/Lab05Attempt03" --jdi C:/Users/Ryan/Documents/GitHub/LAB-05-WORKING/Lab05Attempt03/software/lab5_bsp/../../dds_and_nios_lab.jdi --sopcinfo C:/Users/Ryan/Documents/GitHub/LAB-05-WORKING/Lab05Attempt03/software/lab5_bsp/../../DE1_SoC_QSYS.sopcinfo
Info: (lab5.elf) 1804 KBytes program size (code + initialized data).
Info:            58093 KBytes free for stack + heap.
[lab5 build complete]
13:51:07 **** Incremental Build of configuration Nios II for project lab5_bsp ****
make all 
[BSP build complete]
13:51:11 **** Incremental Build of configuration Nios II for project lab5 ****
make all 
Info: Building ../lab5_bsp/
G:/intelFPGA_lite/16.1/nios2eds/bin/gnu/H-x86_64-mingw32/bin/make --no-print-directory -C ../lab5_bsp/
[BSP build complete]
[lab5 build complete]
13:51:36 **** Incremental Build of configuration Nios II for project lab5 ****
make all 
Info: Building ../lab5_bsp/
G:/intelFPGA_lite/16.1/nios2eds/bin/gnu/H-x86_64-mingw32/bin/make --no-print-directory -C ../lab5_bsp/
[BSP build complete]
Info: Compiling hello_ucosii.c to obj/default/hello_ucosii.o
nios2-elf-gcc -xc -MP -MMD -c -I../lab5_bsp//UCOSII/inc -I../lab5_bsp//HAL/inc -I../lab5_bsp/ -I../lab5_bsp//drivers/inc  -pipe -D__hal__ -DALT_NO_INSTRUCTION_EMULATION -D__ucosii__    -O1 -g -Wall   -mno-hw-div -mhw-mul -mno-hw-mulx -mgpopt=global  -o obj/default/hello_ucosii.o hello_ucosii.c
hello_ucosii.c: In function 'send_audio_fifo':
hello_ucosii.c:151:8: warning: implicit declaration of function 'audio_dac_fifo_full' [-Wimplicit-function-declaration]
 while (audio_dac_fifo_full() == 1)
        ^
hello_ucosii.c: In function 'task2':
hello_ucosii.c:205:3: warning: implicit declaration of function 'select_color' [-Wimplicit-function-declaration]
   select_color(0);
   ^
hello_ucosii.c: In function 'main':
hello_ucosii.c:373:1: warning: implicit declaration of function 'init_lfsr_interrupt' [-Wimplicit-function-declaration]
 init_lfsr_interrupt();
 ^
In file included from hello_ucosii.c:40:0:
hello_ucosii.c: At top level:
./graphic_lib/simple_graphics.h:173:16: warning: inline function 'alpha_blending' declared but never defined
 __inline__ int alpha_blending ( int horiz_offset,
                ^
./graphic_lib/simple_graphics.h:166:16: warning: inline function 'read_from_frame' declared but never defined
 __inline__ int read_from_frame (int horiz,
                ^
./graphic_lib/simple_graphics.h:160:16: warning: inline function 'merge_color_channels' declared but never defined
 __inline__ int merge_color_channels(int color_depth,
                ^
./graphic_lib/simple_graphics.h:154:16: warning: inline function 'seperate_color_channels' declared but never defined
 __inline__ int seperate_color_channels( int color_depth,
                ^
./graphic_lib/simple_graphics.h:116:13: warning: inline function 'vid_put_pixel_in_span_map' declared but never defined
 inline void vid_put_pixel_in_span_map( int x, int y, int *span_array );
             ^
./graphic_lib/simple_graphics.h:112:12: warning: inline function 'min3' declared but never defined
 inline int min3( int a, int b, int c );
            ^
./graphic_lib/simple_graphics.h:110:12: warning: inline function 'max3' declared but never defined
 inline int max3( int a, int b, int c );
            ^
Info: Linking lab5.elf
nios2-elf-g++  -T'../lab5_bsp//linker.x' -msys-crt0='../lab5_bsp//obj/HAL/src/crt0.o' -msys-lib=ucosii_bsp -L../lab5_bsp/   -Wl,-Map=lab5.map   -O1 -g -Wall   -mno-hw-div -mhw-mul -mno-hw-mulx -mgpopt=global  -o lab5.elf obj/default/drivers/drivers.o obj/default/fonts/tahomabold_20.o obj/default/fonts/tahomabold_32.o obj/default/frame.o obj/default/graphic_lib/draw_gimps.o obj/default/graphic_lib/gimp_bmp.o obj/default/graphic_lib/simple_graphics.o obj/default/graphic_lib/simple_text.o obj/default/hello_ucosii.o obj/default/imagenes/back_down.o obj/default/imagenes/back_up.o obj/default/imagenes/ford_down.o obj/default/imagenes/ford_up.o obj/default/imagenes/pause_down.o obj/default/imagenes/pause_up.o obj/default/imagenes/play_down.o obj/default/imagenes/play_up.o obj/default/imagenes/stop_down.o obj/default/imagenes/stop_up.o obj/default/song/song.o obj/default/student_code/student_code.o obj/default/vip_fr.o -lm -msys-lib=m
nios2-elf-insert lab5.elf --thread_model ucosii --cpu_name cpu --qsys true --simulation_enabled false --id 0 --sidp 0x80011e0 --timestamp 1719259059 --stderr_dev jtag_uart --stdin_dev jtag_uart --stdout_dev jtag_uart --sopc_system_name DE1_SoC_QSYS --quartus_project_dir "C:/Users/Ryan/Documents/GitHub/LAB-05-WORKING/Lab05Attempt03" --jdi C:/Users/Ryan/Documents/GitHub/LAB-05-WORKING/Lab05Attempt03/software/lab5_bsp/../../dds_and_nios_lab.jdi --sopcinfo C:/Users/Ryan/Documents/GitHub/LAB-05-WORKING/Lab05Attempt03/software/lab5_bsp/../../DE1_SoC_QSYS.sopcinfo
Info: (lab5.elf) 1804 KBytes program size (code + initialized data).
Info:            58093 KBytes free for stack + heap.
[lab5 build complete]
13:51:37 **** Incremental Build of configuration Nios II for project lab5_bsp ****
make all 
[BSP build complete]
13:51:42 **** Incremental Build of configuration Nios II for project lab5 ****
make all 
Info: Building ../lab5_bsp/
G:/intelFPGA_lite/16.1/nios2eds/bin/gnu/H-x86_64-mingw32/bin/make --no-print-directory -C ../lab5_bsp/
[BSP build complete]
[lab5 build complete]
